17:32:40 | Cola: 36 pendientes | Ya completados (webs+negrita): 0 | Meta: 90
17:32:40 | --- Lote 1 (3 leads) ---
17:32:40 | → [Pizzerías] Restaurante Pizzeria Isabella
17:32:45 |   ✗ Restaurante Pizzeria Isabella: 422 Client Error: Unprocessable Entity for url: https://api.netlify.com/api/v1/deploys/6a146b9bd4281a2347aa1868/files/index.html
17:32:45 | → [Pizzerías] Casa Escarré Gavá
17:32:51 |   ✗ Casa Escarré Gavá: 401 Client Error: Unauthorized for url: https://api.netlify.com/api/v1/deploys/6a146ba10271c455907491c2/files/index.html
17:32:51 | → [Pizzerías] Da Dina Restaurante y pizzeria
17:32:55 |   ✗ Da Dina Restaurante y pizzeria: 401 Client Error: Unauthorized for url: https://api.netlify.com/api/v1/deploys/6a146ba62cfcdb49cbc15a62/files/index.html
17:32:55 | Progreso: 0 / 90
17:32:55 | Esperando 120s antes del siguiente lote…
17:35:08 | Cola: 36 pendientes | Ya completados (webs+negrita): 0 | Meta: 90
17:35:08 | --- Lote 1 (3 leads) ---
17:35:08 | → [Pizzerías] Restaurante Pizzeria Isabella
17:35:18 | Verificación omitida (rate limit 429): https://restaurante-pizzeria-isabella-65120.netlify.app
17:35:18 | Deploy OK: https://restaurante-pizzeria-isabella-65120.netlify.app
17:35:18 | Web cliente: /Users/xagri/Documents/GitHub/Automatizador_Global/webs/restaurante-pizzeria-isabella-2/index.html
17:35:18 |   ✓ https://restaurante-pizzeria-isabella-65120.netlify.app | restaurante-pizzeria-isabella-2
17:35:43 | → [Pizzerías] Casa Escarré Gavá
17:35:53 | Verificación omitida (rate limit 429): https://casa-escarr-gav.netlify.app
17:35:53 | Deploy OK: https://casa-escarr-gav.netlify.app
17:35:53 | Web cliente: /Users/xagri/Documents/GitHub/Automatizador_Global/webs/casa-escarré-gavá/index.html
17:35:53 |   ✓ https://casa-escarr-gav.netlify.app | casa-escarré-gavá
17:36:18 | → [Pizzerías] Da Dina Restaurante y pizzeria
17:36:29 | Verificación omitida (rate limit 429): https://da-dina-restaurante-y-pizzeria.netlify.app
17:36:29 | Deploy OK: https://da-dina-restaurante-y-pizzeria.netlify.app
17:36:29 | Web cliente: /Users/xagri/Documents/GitHub/Automatizador_Global/webs/da-dina-restaurante-y-pizzeria/index.html
17:36:29 |   ✓ https://da-dina-restaurante-y-pizzeria.netlify.app | da-dina-restaurante-y-pizzeria
17:36:29 | Progreso: 3 / 90
17:36:29 | Esperando 120s antes del siguiente lote…
17:38:29 | --- Lote 2 (3 leads) ---
17:38:29 | → [Pizzerías] Pizzeria Romana
17:38:40 | Verificación omitida (rate limit 429): https://pizzeria-romana.netlify.app
17:38:40 | Deploy OK: https://pizzeria-romana.netlify.app
17:38:40 | Web cliente: /Users/xagri/Documents/GitHub/Automatizador_Global/webs/pizzeria-romana/index.html
17:38:40 |   ✓ https://pizzeria-romana.netlify.app | pizzeria-romana
17:39:05 | → [Pizzerías] Restaurante Pizzeria Edén
17:39:17 | Verificación omitida (rate limit 429): https://restaurante-pizzeria-edn.netlify.app
17:39:17 | Deploy OK: https://restaurante-pizzeria-edn.netlify.app
17:39:17 | Web cliente: /Users/xagri/Documents/GitHub/Automatizador_Global/webs/restaurante-pizzeria-edén/index.html
17:39:17 |   ✓ https://restaurante-pizzeria-edn.netlify.app | restaurante-pizzeria-edén
17:39:42 | → [Pizzerías] La Piazzetta GranVia
17:39:53 | Verificación omitida (rate limit 429): https://la-piazzetta-granvia.netlify.app
17:39:53 | Deploy OK: https://la-piazzetta-granvia.netlify.app
17:39:53 | Web cliente: /Users/xagri/Documents/GitHub/Automatizador_Global/webs/la-piazzetta-granvia/index.html
17:39:53 |   ✓ https://la-piazzetta-granvia.netlify.app | la-piazzetta-granvia
17:39:53 | Progreso: 6 / 90
17:39:53 | Esperando 120s antes del siguiente lote…
17:41:53 | --- Lote 3 (3 leads) ---
17:41:53 | → [Pizzerías] Peppe e Pizza Gracia | Pizzeria Barcelona
17:42:03 | Verificación omitida (rate limit 429): https://peppe-e-pizza-gracia-pizzeria-barcelona.netlify.app
17:42:03 | Deploy OK: https://peppe-e-pizza-gracia-pizzeria-barcelona.netlify.app
17:42:03 | Web cliente: /Users/xagri/Documents/GitHub/Automatizador_Global/webs/peppe-e-pizza-gracia-pizzeria-barcelona/index.html
17:42:03 |   ✓ https://peppe-e-pizza-gracia-pizzeria-barcelona.netlify.app | peppe-e-pizza-gracia-pizzeria-barcelona
17:42:28 | → [Pizzerías] All'ombra del Castello
17:42:39 | Verificación omitida (rate limit 429): https://allombra-del-castello.netlify.app
17:42:39 | Deploy OK: https://allombra-del-castello.netlify.app
17:42:39 | Web cliente: /Users/xagri/Documents/GitHub/Automatizador_Global/webs/allombra-del-castello/index.html
17:42:39 |   ✓ https://allombra-del-castello.netlify.app | allombra-del-castello
17:43:04 | → [Pizzerías] Restaurante Verde Luna
17:43:15 | Verificación omitida (rate limit 429): https://restaurante-verde-luna.netlify.app
17:43:15 | Deploy OK: https://restaurante-verde-luna.netlify.app
17:43:15 | Web cliente: /Users/xagri/Documents/GitHub/Automatizador_Global/webs/restaurante-verde-luna/index.html
17:43:15 |   ✓ https://restaurante-verde-luna.netlify.app | restaurante-verde-luna
17:43:15 | Progreso: 9 / 90
17:43:15 | Esperando 120s antes del siguiente lote…
