19:11:37 | Repo creado: xaviergp2003-gif/allombra-del-castello
19:11:41 | Pages activado: xaviergp2003-gif/allombra-del-castello
19:11:41 | Enlace: https://xaviergp2003-gif.github.io/allombra-del-castello/
19:11:41 | ✓ allombra-del-castello → https://xaviergp2003-gif.github.io/allombra-del-castello/
19:11:47 | Repo creado: xaviergp2003-gif/allombra-del-castello-2
19:11:51 | Pages activado: xaviergp2003-gif/allombra-del-castello-2
19:11:51 | Enlace: https://xaviergp2003-gif.github.io/allombra-del-castello-2/
19:11:51 | ✓ allombra-del-castello-2 → https://xaviergp2003-gif.github.io/allombra-del-castello-2/
19:11:57 | Repo creado: xaviergp2003-gif/allombra-del-castello-3
19:12:01 | Pages activado: xaviergp2003-gif/allombra-del-castello-3
19:12:01 | Enlace: https://xaviergp2003-gif.github.io/allombra-del-castello-3/
19:12:01 | ✓ allombra-del-castello-3 → https://xaviergp2003-gif.github.io/allombra-del-castello-3/
19:12:06 | Repo creado: xaviergp2003-gif/arte-corte
19:12:10 | Pages activado: xaviergp2003-gif/arte-corte
19:12:10 | Enlace: https://xaviergp2003-gif.github.io/arte-corte/
19:12:10 | ✓ arte-corte → https://xaviergp2003-gif.github.io/arte-corte/
19:12:16 | Repo creado: xaviergp2003-gif/arte-corte-2
19:12:20 | Pages activado: xaviergp2003-gif/arte-corte-2
19:12:20 | Enlace: https://xaviergp2003-gif.github.io/arte-corte-2/
19:12:20 | ✓ arte-corte-2 → https://xaviergp2003-gif.github.io/arte-corte-2/
19:12:26 | Repo creado: xaviergp2003-gif/barberia-lat-n-art-peluqueria-unisex-barber-shop
19:12:30 | Pages activado: xaviergp2003-gif/barberia-lat-n-art-peluqueria-unisex-barber-shop
19:12:30 | Enlace: https://xaviergp2003-gif.github.io/barberia-lat-n-art-peluqueria-unisex-barber-shop/
19:12:30 | ✓ barberia-latín-art-peluqueria-unisex-barber-shop → https://xaviergp2003-gif.github.io/barberia-lat-n-art-peluqueria-unisex-barber-shop/
19:12:36 | Repo creado: xaviergp2003-gif/barberia-lat-n-art-peluqueria-unisex-barber-shop-2
19:12:41 | Pages activado: xaviergp2003-gif/barberia-lat-n-art-peluqueria-unisex-barber-shop-2
19:12:41 | Enlace: https://xaviergp2003-gif.github.io/barberia-lat-n-art-peluqueria-unisex-barber-shop-2/
19:12:41 | ✓ barberia-latín-art-peluqueria-unisex-barber-shop-2 → https://xaviergp2003-gif.github.io/barberia-lat-n-art-peluqueria-unisex-barber-shop-2/
19:12:46 | Repo creado: xaviergp2003-gif/belleza-de-lidiia
19:12:51 | Pages activado: xaviergp2003-gif/belleza-de-lidiia
19:12:51 | Enlace: https://xaviergp2003-gif.github.io/belleza-de-lidiia/
19:12:51 | ✓ belleza-de-lidiia → https://xaviergp2003-gif.github.io/belleza-de-lidiia/
19:12:57 | Repo creado: xaviergp2003-gif/belleza-de-lidiia-2
19:13:01 | Pages activado: xaviergp2003-gif/belleza-de-lidiia-2
19:13:01 | Enlace: https://xaviergp2003-gif.github.io/belleza-de-lidiia-2/
19:13:01 | ✓ belleza-de-lidiia-2 → https://xaviergp2003-gif.github.io/belleza-de-lidiia-2/
19:13:07 | Repo creado: xaviergp2003-gif/brume-brunch-poblenou-barcelona
19:13:11 | Pages activado: xaviergp2003-gif/brume-brunch-poblenou-barcelona
19:13:11 | Enlace: https://xaviergp2003-gif.github.io/brume-brunch-poblenou-barcelona/
19:13:11 | ✓ brume-brunch-poblenou-barcelona → https://xaviergp2003-gif.github.io/brume-brunch-poblenou-barcelona/
19:13:17 | Repo creado: xaviergp2003-gif/brume-brunch-poblenou-barcelona-2
19:13:21 | Pages activado: xaviergp2003-gif/brume-brunch-poblenou-barcelona-2
19:13:21 | Enlace: https://xaviergp2003-gif.github.io/brume-brunch-poblenou-barcelona-2/
19:13:21 | ✓ brume-brunch-poblenou-barcelona-2 → https://xaviergp2003-gif.github.io/brume-brunch-poblenou-barcelona-2/
19:13:27 | Repo creado: xaviergp2003-gif/caps-p
19:13:31 | Pages activado: xaviergp2003-gif/caps-p
19:13:31 | Enlace: https://xaviergp2003-gif.github.io/caps-p/
19:13:31 | ✓ caps-p → https://xaviergp2003-gif.github.io/caps-p/
19:13:37 | Repo creado: xaviergp2003-gif/caps-p-2
19:13:41 | Pages activado: xaviergp2003-gif/caps-p-2
19:13:41 | Enlace: https://xaviergp2003-gif.github.io/caps-p-2/
19:13:41 | ✓ caps-p-2 → https://xaviergp2003-gif.github.io/caps-p-2/
19:13:47 | Repo creado: xaviergp2003-gif/casa-escarr-gav
19:13:51 | Pages activado: xaviergp2003-gif/casa-escarr-gav
19:13:51 | Enlace: https://xaviergp2003-gif.github.io/casa-escarr-gav/
19:13:51 | ✓ casa-escarré-gavá → https://xaviergp2003-gif.github.io/casa-escarr-gav/
19:13:58 | Repo creado: xaviergp2003-gif/casa-escarr-gav-2
19:14:03 | Pages activado: xaviergp2003-gif/casa-escarr-gav-2
19:14:03 | Enlace: https://xaviergp2003-gif.github.io/casa-escarr-gav-2/
19:14:03 | ✓ casa-escarré-gavá-2 → https://xaviergp2003-gif.github.io/casa-escarr-gav-2/
19:14:09 | Repo creado: xaviergp2003-gif/da-dina-restaurante-y-pizzeria
19:14:14 | Pages activado: xaviergp2003-gif/da-dina-restaurante-y-pizzeria
19:14:14 | Enlace: https://xaviergp2003-gif.github.io/da-dina-restaurante-y-pizzeria/
19:14:14 | ✓ da-dina-restaurante-y-pizzeria → https://xaviergp2003-gif.github.io/da-dina-restaurante-y-pizzeria/
19:14:19 | Repo creado: xaviergp2003-gif/el-cuisto
19:14:24 | Pages activado: xaviergp2003-gif/el-cuisto
19:14:24 | Enlace: https://xaviergp2003-gif.github.io/el-cuisto/
19:14:24 | ✓ el-cuisto → https://xaviergp2003-gif.github.io/el-cuisto/
19:14:30 | Repo creado: xaviergp2003-gif/el-cuisto-2
19:14:34 | Pages activado: xaviergp2003-gif/el-cuisto-2
19:14:34 | Enlace: https://xaviergp2003-gif.github.io/el-cuisto-2/
19:14:34 | ✓ el-cuisto-2 → https://xaviergp2003-gif.github.io/el-cuisto-2/
19:14:40 | Repo creado: xaviergp2003-gif/el-cullerot-de-sants
19:14:45 | Pages activado: xaviergp2003-gif/el-cullerot-de-sants
19:14:45 | Enlace: https://xaviergp2003-gif.github.io/el-cullerot-de-sants/
19:14:45 | ✓ el-cullerot-de-sants → https://xaviergp2003-gif.github.io/el-cullerot-de-sants/
19:14:51 | Repo creado: xaviergp2003-gif/el-cullerot-de-sants-2
19:14:55 | Pages activado: xaviergp2003-gif/el-cullerot-de-sants-2
19:14:55 | Enlace: https://xaviergp2003-gif.github.io/el-cullerot-de-sants-2/
19:14:55 | ✓ el-cullerot-de-sants-2 → https://xaviergp2003-gif.github.io/el-cullerot-de-sants-2/
19:15:01 | Repo creado: xaviergp2003-gif/global-belleza-peluqueria-sitges
19:15:05 | Pages activado: xaviergp2003-gif/global-belleza-peluqueria-sitges
19:15:05 | Enlace: https://xaviergp2003-gif.github.io/global-belleza-peluqueria-sitges/
19:15:05 | ✓ global-belleza-peluqueria-sitges → https://xaviergp2003-gif.github.io/global-belleza-peluqueria-sitges/
19:15:11 | Repo creado: xaviergp2003-gif/global-belleza-peluqueria-sitges-2
19:15:16 | Pages activado: xaviergp2003-gif/global-belleza-peluqueria-sitges-2
19:15:16 | Enlace: https://xaviergp2003-gif.github.io/global-belleza-peluqueria-sitges-2/
19:15:16 | ✓ global-belleza-peluqueria-sitges-2 → https://xaviergp2003-gif.github.io/global-belleza-peluqueria-sitges-2/
19:15:22 | Repo creado: xaviergp2003-gif/gracia-d-ner-kebab
19:15:26 | Pages activado: xaviergp2003-gif/gracia-d-ner-kebab
19:15:26 | Enlace: https://xaviergp2003-gif.github.io/gracia-d-ner-kebab/
19:15:26 | ✓ gracia-döner-kebab → https://xaviergp2003-gif.github.io/gracia-d-ner-kebab/
19:15:32 | Repo creado: xaviergp2003-gif/gracia-d-ner-kebab-2
19:15:35 | Pages activado: xaviergp2003-gif/gracia-d-ner-kebab-2
19:15:35 | Enlace: https://xaviergp2003-gif.github.io/gracia-d-ner-kebab-2/
19:15:35 | ✓ gracia-döner-kebab-2 → https://xaviergp2003-gif.github.io/gracia-d-ner-kebab-2/
19:15:41 | Repo creado: xaviergp2003-gif/hair-studio-arte-de-belleza-by-emil-hintz
19:15:46 | Pages activado: xaviergp2003-gif/hair-studio-arte-de-belleza-by-emil-hintz
19:15:46 | Enlace: https://xaviergp2003-gif.github.io/hair-studio-arte-de-belleza-by-emil-hintz/
19:15:46 | ✓ hair-studio-arte-de-belleza-by-emil-hintz → https://xaviergp2003-gif.github.io/hair-studio-arte-de-belleza-by-emil-hintz/
19:15:51 | Repo creado: xaviergp2003-gif/hair-studio-arte-de-belleza-by-emil-hintz-2
19:15:55 | Pages activado: xaviergp2003-gif/hair-studio-arte-de-belleza-by-emil-hintz-2
19:15:55 | Enlace: https://xaviergp2003-gif.github.io/hair-studio-arte-de-belleza-by-emil-hintz-2/
19:15:55 | ✓ hair-studio-arte-de-belleza-by-emil-hintz-2 → https://xaviergp2003-gif.github.io/hair-studio-arte-de-belleza-by-emil-hintz-2/
19:16:00 | Repo creado: xaviergp2003-gif/il-mago-restaurante-pizzeria-italiana
19:16:05 | Pages activado: xaviergp2003-gif/il-mago-restaurante-pizzeria-italiana
19:16:05 | Enlace: https://xaviergp2003-gif.github.io/il-mago-restaurante-pizzeria-italiana/
19:16:05 | ✓ il-mago-restaurante-pizzeria-italiana → https://xaviergp2003-gif.github.io/il-mago-restaurante-pizzeria-italiana/
19:16:10 | Repo creado: xaviergp2003-gif/il-mago-restaurante-pizzeria-italiana-2
19:16:15 | Pages activado: xaviergp2003-gif/il-mago-restaurante-pizzeria-italiana-2
19:16:15 | Enlace: https://xaviergp2003-gif.github.io/il-mago-restaurante-pizzeria-italiana-2/
19:16:15 | ✓ il-mago-restaurante-pizzeria-italiana-2 → https://xaviergp2003-gif.github.io/il-mago-restaurante-pizzeria-italiana-2/
19:16:20 | Repo creado: xaviergp2003-gif/il-nuovo-italiano-3
19:16:25 | Pages activado: xaviergp2003-gif/il-nuovo-italiano-3
19:16:25 | Enlace: https://xaviergp2003-gif.github.io/il-nuovo-italiano-3/
19:16:25 | ✓ il-nuovo-italiano-3 → https://xaviergp2003-gif.github.io/il-nuovo-italiano-3/
19:16:30 | Repo creado: xaviergp2003-gif/la-piazzetta-granvia
19:16:34 | Pages activado: xaviergp2003-gif/la-piazzetta-granvia
19:16:34 | Enlace: https://xaviergp2003-gif.github.io/la-piazzetta-granvia/
19:16:34 | ✓ la-piazzetta-granvia → https://xaviergp2003-gif.github.io/la-piazzetta-granvia/
19:16:40 | Repo creado: xaviergp2003-gif/la-piazzetta-granvia-2
19:16:44 | Pages activado: xaviergp2003-gif/la-piazzetta-granvia-2
19:16:44 | Enlace: https://xaviergp2003-gif.github.io/la-piazzetta-granvia-2/
19:16:44 | ✓ la-piazzetta-granvia-2 → https://xaviergp2003-gif.github.io/la-piazzetta-granvia-2/
19:16:50 | Repo creado: xaviergp2003-gif/la-pizza-loca
19:16:55 | Pages activado: xaviergp2003-gif/la-pizza-loca
19:16:55 | Enlace: https://xaviergp2003-gif.github.io/la-pizza-loca/
19:16:55 | ✓ la-pizza-loca → https://xaviergp2003-gif.github.io/la-pizza-loca/
19:17:01 | Repo creado: xaviergp2003-gif/la-pizza-loca-2
19:17:05 | Pages activado: xaviergp2003-gif/la-pizza-loca-2
19:17:05 | Enlace: https://xaviergp2003-gif.github.io/la-pizza-loca-2/
19:17:05 | ✓ la-pizza-loca-2 → https://xaviergp2003-gif.github.io/la-pizza-loca-2/
19:17:11 | Repo creado: xaviergp2003-gif/nou-i-cl-ssic
19:17:15 | Pages activado: xaviergp2003-gif/nou-i-cl-ssic
19:17:15 | Enlace: https://xaviergp2003-gif.github.io/nou-i-cl-ssic/
19:17:15 | ✓ nou-i-clàssic → https://xaviergp2003-gif.github.io/nou-i-cl-ssic/
19:17:20 | Repo creado: xaviergp2003-gif/nou-i-cl-ssic-2
19:17:24 | Pages activado: xaviergp2003-gif/nou-i-cl-ssic-2
19:17:24 | Enlace: https://xaviergp2003-gif.github.io/nou-i-cl-ssic-2/
19:17:24 | ✓ nou-i-clàssic-2 → https://xaviergp2003-gif.github.io/nou-i-cl-ssic-2/
19:17:30 | Repo creado: xaviergp2003-gif/ovvio-pizzer-a
19:17:34 | Pages activado: xaviergp2003-gif/ovvio-pizzer-a
19:17:34 | Enlace: https://xaviergp2003-gif.github.io/ovvio-pizzer-a/
19:17:34 | ✓ ovvio-pizzería → https://xaviergp2003-gif.github.io/ovvio-pizzer-a/
19:17:40 | Repo creado: xaviergp2003-gif/ovvio-pizzer-a-2
19:17:45 | Pages activado: xaviergp2003-gif/ovvio-pizzer-a-2
19:17:45 | Enlace: https://xaviergp2003-gif.github.io/ovvio-pizzer-a-2/
19:17:45 | ✓ ovvio-pizzería-2 → https://xaviergp2003-gif.github.io/ovvio-pizzer-a-2/
19:17:50 | Repo creado: xaviergp2003-gif/panepizza
19:17:54 | Pages activado: xaviergp2003-gif/panepizza
19:17:54 | Enlace: https://xaviergp2003-gif.github.io/panepizza/
19:17:54 | ✓ panepizza → https://xaviergp2003-gif.github.io/panepizza/
19:18:03 | Repo creado: xaviergp2003-gif/panepizza-2
19:18:06 | Pages activado: xaviergp2003-gif/panepizza-2
19:18:06 | Enlace: https://xaviergp2003-gif.github.io/panepizza-2/
19:18:06 | ✓ panepizza-2 → https://xaviergp2003-gif.github.io/panepizza-2/
19:18:12 | Repo creado: xaviergp2003-gif/peluqueria-bm-unisex
19:18:16 | Pages activado: xaviergp2003-gif/peluqueria-bm-unisex
19:18:16 | Enlace: https://xaviergp2003-gif.github.io/peluqueria-bm-unisex/
19:18:16 | ✓ peluqueria-bm-unisex → https://xaviergp2003-gif.github.io/peluqueria-bm-unisex/
19:18:22 | Repo creado: xaviergp2003-gif/peluqueria-bm-unisex-2
19:18:26 | Pages activado: xaviergp2003-gif/peluqueria-bm-unisex-2
19:18:26 | Enlace: https://xaviergp2003-gif.github.io/peluqueria-bm-unisex-2/
19:18:26 | ✓ peluqueria-bm-unisex-2 → https://xaviergp2003-gif.github.io/peluqueria-bm-unisex-2/
19:18:32 | Repo creado: xaviergp2003-gif/peluqueria-cris-sitges-sl
19:18:37 | Pages activado: xaviergp2003-gif/peluqueria-cris-sitges-sl
19:18:37 | Enlace: https://xaviergp2003-gif.github.io/peluqueria-cris-sitges-sl/
19:18:37 | ✓ peluqueria-cris-sitges-sl → https://xaviergp2003-gif.github.io/peluqueria-cris-sitges-sl/
19:18:42 | Repo creado: xaviergp2003-gif/peluqueria-cris-sitges-sl-2
19:18:47 | Pages activado: xaviergp2003-gif/peluqueria-cris-sitges-sl-2
19:18:47 | Enlace: https://xaviergp2003-gif.github.io/peluqueria-cris-sitges-sl-2/
19:18:47 | ✓ peluqueria-cris-sitges-sl-2 → https://xaviergp2003-gif.github.io/peluqueria-cris-sitges-sl-2/
19:18:52 | Repo creado: xaviergp2003-gif/peppe-e-pizza-gracia-pizzeria-barcelona
19:18:57 | Pages activado: xaviergp2003-gif/peppe-e-pizza-gracia-pizzeria-barcelona
19:18:57 | Enlace: https://xaviergp2003-gif.github.io/peppe-e-pizza-gracia-pizzeria-barcelona/
19:18:57 | ✓ peppe-e-pizza-gracia-pizzeria-barcelona → https://xaviergp2003-gif.github.io/peppe-e-pizza-gracia-pizzeria-barcelona/
19:19:02 | Repo creado: xaviergp2003-gif/peppe-e-pizza-gracia-pizzeria-barcelona-2
19:19:06 | Pages activado: xaviergp2003-gif/peppe-e-pizza-gracia-pizzeria-barcelona-2
19:19:06 | Enlace: https://xaviergp2003-gif.github.io/peppe-e-pizza-gracia-pizzeria-barcelona-2/
19:19:06 | ✓ peppe-e-pizza-gracia-pizzeria-barcelona-2 → https://xaviergp2003-gif.github.io/peppe-e-pizza-gracia-pizzeria-barcelona-2/
19:19:12 | Repo creado: xaviergp2003-gif/peppe-e-pizza-gracia-pizzeria-barcelona-3
19:19:16 | Pages activado: xaviergp2003-gif/peppe-e-pizza-gracia-pizzeria-barcelona-3
19:19:16 | Enlace: https://xaviergp2003-gif.github.io/peppe-e-pizza-gracia-pizzeria-barcelona-3/
19:19:16 | ✓ peppe-e-pizza-gracia-pizzeria-barcelona-3 → https://xaviergp2003-gif.github.io/peppe-e-pizza-gracia-pizzeria-barcelona-3/
19:19:22 | Repo creado: xaviergp2003-gif/pizza-rico-hospitalet
19:19:26 | Pages activado: xaviergp2003-gif/pizza-rico-hospitalet
19:19:26 | Enlace: https://xaviergp2003-gif.github.io/pizza-rico-hospitalet/
19:19:26 | ✓ pizza-rico-hospitalet → https://xaviergp2003-gif.github.io/pizza-rico-hospitalet/
19:19:32 | Repo creado: xaviergp2003-gif/pizza-rico-hospitalet-2
19:19:35 | Pages activado: xaviergp2003-gif/pizza-rico-hospitalet-2
19:19:35 | Enlace: https://xaviergp2003-gif.github.io/pizza-rico-hospitalet-2/
19:19:35 | ✓ pizza-rico-hospitalet-2 → https://xaviergp2003-gif.github.io/pizza-rico-hospitalet-2/
19:19:41 | Repo creado: xaviergp2003-gif/pizzeria-etna
19:19:45 | Pages activado: xaviergp2003-gif/pizzeria-etna
19:19:45 | Enlace: https://xaviergp2003-gif.github.io/pizzeria-etna/
19:19:45 | ✓ pizzeria-etna → https://xaviergp2003-gif.github.io/pizzeria-etna/
19:19:51 | Repo creado: xaviergp2003-gif/pizzeria-etna-2
19:19:56 | Pages activado: xaviergp2003-gif/pizzeria-etna-2
19:19:56 | Enlace: https://xaviergp2003-gif.github.io/pizzeria-etna-2/
19:19:56 | ✓ pizzeria-etna-2 → https://xaviergp2003-gif.github.io/pizzeria-etna-2/
19:20:02 | Repo creado: xaviergp2003-gif/pizzeria-italiana-pappa-e-pizza-cocina-italiana
19:20:06 | Pages activado: xaviergp2003-gif/pizzeria-italiana-pappa-e-pizza-cocina-italiana
19:20:06 | Enlace: https://xaviergp2003-gif.github.io/pizzeria-italiana-pappa-e-pizza-cocina-italiana/
19:20:06 | ✓ pizzeria-italiana-pappa-e-pizza-cocina-italiana → https://xaviergp2003-gif.github.io/pizzeria-italiana-pappa-e-pizza-cocina-italiana/
19:20:13 | Repo creado: xaviergp2003-gif/pizzeria-italiana-pappa-e-pizza-cocina-italiana-2
19:20:17 | Pages activado: xaviergp2003-gif/pizzeria-italiana-pappa-e-pizza-cocina-italiana-2
19:20:17 | Enlace: https://xaviergp2003-gif.github.io/pizzeria-italiana-pappa-e-pizza-cocina-italiana-2/
19:20:17 | ✓ pizzeria-italiana-pappa-e-pizza-cocina-italiana-2 → https://xaviergp2003-gif.github.io/pizzeria-italiana-pappa-e-pizza-cocina-italiana-2/
19:20:23 | Repo creado: xaviergp2003-gif/pizzeria-naranjito
19:20:27 | Pages activado: xaviergp2003-gif/pizzeria-naranjito
19:20:27 | Enlace: https://xaviergp2003-gif.github.io/pizzeria-naranjito/
19:20:27 | ✓ pizzeria-naranjito → https://xaviergp2003-gif.github.io/pizzeria-naranjito/
19:20:33 | Repo creado: xaviergp2003-gif/pizzeria-naranjito-2
19:20:37 | Pages activado: xaviergp2003-gif/pizzeria-naranjito-2
19:20:37 | Enlace: https://xaviergp2003-gif.github.io/pizzeria-naranjito-2/
19:20:37 | ✓ pizzeria-naranjito-2 → https://xaviergp2003-gif.github.io/pizzeria-naranjito-2/
19:20:42 | Repo creado: xaviergp2003-gif/pizzeria-romana
19:20:46 | Pages activado: xaviergp2003-gif/pizzeria-romana
19:20:46 | Enlace: https://xaviergp2003-gif.github.io/pizzeria-romana/
19:20:46 | ✓ pizzeria-romana → https://xaviergp2003-gif.github.io/pizzeria-romana/
19:20:52 | Repo creado: xaviergp2003-gif/pizzeria-romana-2
19:20:56 | Pages activado: xaviergp2003-gif/pizzeria-romana-2
19:20:56 | Enlace: https://xaviergp2003-gif.github.io/pizzeria-romana-2/
19:20:56 | ✓ pizzeria-romana-2 → https://xaviergp2003-gif.github.io/pizzeria-romana-2/
19:21:02 | Repo creado: xaviergp2003-gif/pizzeria-san-marino
19:21:06 | Pages activado: xaviergp2003-gif/pizzeria-san-marino
19:21:06 | Enlace: https://xaviergp2003-gif.github.io/pizzeria-san-marino/
19:21:06 | ✓ pizzeria-san-marino → https://xaviergp2003-gif.github.io/pizzeria-san-marino/
19:21:12 | Repo creado: xaviergp2003-gif/pizzeria-san-marino-2
19:21:16 | Pages activado: xaviergp2003-gif/pizzeria-san-marino-2
19:21:16 | Enlace: https://xaviergp2003-gif.github.io/pizzeria-san-marino-2/
19:21:16 | ✓ pizzeria-san-marino-2 → https://xaviergp2003-gif.github.io/pizzeria-san-marino-2/
19:21:22 | Repo creado: xaviergp2003-gif/pizzer-a-artesanal-divina-stefy
19:21:27 | Pages activado: xaviergp2003-gif/pizzer-a-artesanal-divina-stefy
19:21:27 | Enlace: https://xaviergp2003-gif.github.io/pizzer-a-artesanal-divina-stefy/
19:21:27 | ✓ pizzería-artesanal-divina-stefy → https://xaviergp2003-gif.github.io/pizzer-a-artesanal-divina-stefy/
19:21:32 | Repo creado: xaviergp2003-gif/pizzer-a-artesanal-divina-stefy-2
19:21:36 | Pages activado: xaviergp2003-gif/pizzer-a-artesanal-divina-stefy-2
19:21:36 | Enlace: https://xaviergp2003-gif.github.io/pizzer-a-artesanal-divina-stefy-2/
19:21:36 | ✓ pizzería-artesanal-divina-stefy-2 → https://xaviergp2003-gif.github.io/pizzer-a-artesanal-divina-stefy-2/
19:21:42 | Repo creado: xaviergp2003-gif/pizzer-a-la-svolta
19:21:47 | Pages activado: xaviergp2003-gif/pizzer-a-la-svolta
19:21:47 | Enlace: https://xaviergp2003-gif.github.io/pizzer-a-la-svolta/
19:21:47 | ✓ pizzería-la-svolta → https://xaviergp2003-gif.github.io/pizzer-a-la-svolta/
19:21:53 | Repo creado: xaviergp2003-gif/pizzer-a-la-svolta-2
19:21:57 | Pages activado: xaviergp2003-gif/pizzer-a-la-svolta-2
19:21:57 | Enlace: https://xaviergp2003-gif.github.io/pizzer-a-la-svolta-2/
19:21:57 | ✓ pizzería-la-svolta-2 → https://xaviergp2003-gif.github.io/pizzer-a-la-svolta-2/
19:22:03 | Repo creado: xaviergp2003-gif/pizzicato-go-badalona
19:22:07 | Pages activado: xaviergp2003-gif/pizzicato-go-badalona
19:22:07 | Enlace: https://xaviergp2003-gif.github.io/pizzicato-go-badalona/
19:22:07 | ✓ pizzicato-go-badalona → https://xaviergp2003-gif.github.io/pizzicato-go-badalona/
19:22:13 | Repo creado: xaviergp2003-gif/pizzicato-go-badalona-2
19:22:17 | Pages activado: xaviergp2003-gif/pizzicato-go-badalona-2
19:22:17 | Enlace: https://xaviergp2003-gif.github.io/pizzicato-go-badalona-2/
19:22:17 | ✓ pizzicato-go-badalona-2 → https://xaviergp2003-gif.github.io/pizzicato-go-badalona-2/
19:22:22 | Repo creado: xaviergp2003-gif/prestige-peluqueros-sitges
19:22:26 | Pages activado: xaviergp2003-gif/prestige-peluqueros-sitges
19:22:26 | Enlace: https://xaviergp2003-gif.github.io/prestige-peluqueros-sitges/
19:22:26 | ✓ prestige-peluqueros-sitges → https://xaviergp2003-gif.github.io/prestige-peluqueros-sitges/
19:22:32 | Repo creado: xaviergp2003-gif/prestige-peluqueros-sitges-2
19:22:36 | Pages activado: xaviergp2003-gif/prestige-peluqueros-sitges-2
19:22:36 | Enlace: https://xaviergp2003-gif.github.io/prestige-peluqueros-sitges-2/
19:22:36 | ✓ prestige-peluqueros-sitges-2 → https://xaviergp2003-gif.github.io/prestige-peluqueros-sitges-2/
19:22:42 | Repo creado: xaviergp2003-gif/prestige-peluqueros-sitges-3
19:22:46 | Pages activado: xaviergp2003-gif/prestige-peluqueros-sitges-3
19:22:46 | Enlace: https://xaviergp2003-gif.github.io/prestige-peluqueros-sitges-3/
19:22:46 | ✓ prestige-peluqueros-sitges-3 → https://xaviergp2003-gif.github.io/prestige-peluqueros-sitges-3/
19:22:51 | Repo creado: xaviergp2003-gif/prestige-peluqueros-sitges-4
19:22:55 | Pages activado: xaviergp2003-gif/prestige-peluqueros-sitges-4
19:22:55 | Enlace: https://xaviergp2003-gif.github.io/prestige-peluqueros-sitges-4/
19:22:55 | ✓ prestige-peluqueros-sitges-4 → https://xaviergp2003-gif.github.io/prestige-peluqueros-sitges-4/
19:23:01 | Repo creado: xaviergp2003-gif/restaurante-pizzeria-ed-n
19:23:05 | Pages activado: xaviergp2003-gif/restaurante-pizzeria-ed-n
19:23:05 | Enlace: https://xaviergp2003-gif.github.io/restaurante-pizzeria-ed-n/
19:23:05 | ✓ restaurante-pizzeria-edén → https://xaviergp2003-gif.github.io/restaurante-pizzeria-ed-n/
19:23:11 | Repo creado: xaviergp2003-gif/restaurante-pizzeria-ed-n-2
19:23:15 | Pages activado: xaviergp2003-gif/restaurante-pizzeria-ed-n-2
19:23:15 | Enlace: https://xaviergp2003-gif.github.io/restaurante-pizzeria-ed-n-2/
19:23:15 | ✓ restaurante-pizzeria-edén-2 → https://xaviergp2003-gif.github.io/restaurante-pizzeria-ed-n-2/
19:23:20 | Repo creado: xaviergp2003-gif/restaurante-pizzeria-isabella
19:23:24 | Pages activado: xaviergp2003-gif/restaurante-pizzeria-isabella
19:23:24 | Enlace: https://xaviergp2003-gif.github.io/restaurante-pizzeria-isabella/
19:23:24 | ✓ restaurante-pizzeria-isabella → https://xaviergp2003-gif.github.io/restaurante-pizzeria-isabella/
19:23:30 | Repo creado: xaviergp2003-gif/restaurante-pizzeria-isabella-1
19:23:34 | Pages activado: xaviergp2003-gif/restaurante-pizzeria-isabella-1
19:23:34 | Enlace: https://xaviergp2003-gif.github.io/restaurante-pizzeria-isabella-1/
19:23:34 | ✓ restaurante-pizzeria-isabella-1 → https://xaviergp2003-gif.github.io/restaurante-pizzeria-isabella-1/
19:23:39 | Repo creado: xaviergp2003-gif/restaurante-pizzeria-isabella-2
19:23:43 | Pages activado: xaviergp2003-gif/restaurante-pizzeria-isabella-2
19:23:43 | Enlace: https://xaviergp2003-gif.github.io/restaurante-pizzeria-isabella-2/
19:23:43 | ✓ restaurante-pizzeria-isabella-2 → https://xaviergp2003-gif.github.io/restaurante-pizzeria-isabella-2/
19:23:49 | Repo creado: xaviergp2003-gif/restaurante-pizzeria-isabella-3
19:23:53 | Pages activado: xaviergp2003-gif/restaurante-pizzeria-isabella-3
19:23:53 | Enlace: https://xaviergp2003-gif.github.io/restaurante-pizzeria-isabella-3/
19:23:53 | ✓ restaurante-pizzeria-isabella-3 → https://xaviergp2003-gif.github.io/restaurante-pizzeria-isabella-3/
19:23:59 | Repo creado: xaviergp2003-gif/restaurante-pizzeria-isabella-4
19:24:03 | Pages activado: xaviergp2003-gif/restaurante-pizzeria-isabella-4
19:24:03 | Enlace: https://xaviergp2003-gif.github.io/restaurante-pizzeria-isabella-4/
19:24:03 | ✓ restaurante-pizzeria-isabella-4 → https://xaviergp2003-gif.github.io/restaurante-pizzeria-isabella-4/
19:24:09 | Repo creado: xaviergp2003-gif/restaurante-pizzeria-isabella-5
19:24:14 | Pages activado: xaviergp2003-gif/restaurante-pizzeria-isabella-5
19:24:14 | Enlace: https://xaviergp2003-gif.github.io/restaurante-pizzeria-isabella-5/
19:24:14 | ✓ restaurante-pizzeria-isabella-5 → https://xaviergp2003-gif.github.io/restaurante-pizzeria-isabella-5/
19:24:21 | Enlace: https://xaviergp2003-gif.github.io/restaurante-pizzeria-isabella-6/
19:24:21 | ✓ restaurante-pizzeria-isabella-6 → https://xaviergp2003-gif.github.io/restaurante-pizzeria-isabella-6/
19:24:27 | Repo creado: xaviergp2003-gif/restaurante-putxinellis
19:24:31 | Pages activado: xaviergp2003-gif/restaurante-putxinellis
19:24:31 | Enlace: https://xaviergp2003-gif.github.io/restaurante-putxinellis/
19:24:31 | ✓ restaurante-putxinellis → https://xaviergp2003-gif.github.io/restaurante-putxinellis/
19:24:37 | Repo creado: xaviergp2003-gif/restaurante-putxinellis-2
19:24:41 | Pages activado: xaviergp2003-gif/restaurante-putxinellis-2
19:24:41 | Enlace: https://xaviergp2003-gif.github.io/restaurante-putxinellis-2/
19:24:41 | ✓ restaurante-putxinellis-2 → https://xaviergp2003-gif.github.io/restaurante-putxinellis-2/
19:24:47 | Repo creado: xaviergp2003-gif/restaurante-verde-luna
19:24:50 | Pages activado: xaviergp2003-gif/restaurante-verde-luna
19:24:50 | Enlace: https://xaviergp2003-gif.github.io/restaurante-verde-luna/
19:24:50 | ✓ restaurante-verde-luna → https://xaviergp2003-gif.github.io/restaurante-verde-luna/
19:24:56 | Repo creado: xaviergp2003-gif/restaurante-verde-luna-2
19:25:01 | Pages activado: xaviergp2003-gif/restaurante-verde-luna-2
19:25:01 | Enlace: https://xaviergp2003-gif.github.io/restaurante-verde-luna-2/
19:25:01 | ✓ restaurante-verde-luna-2 → https://xaviergp2003-gif.github.io/restaurante-verde-luna-2/
19:25:06 | Repo creado: xaviergp2003-gif/restaurante-verde-luna-3
19:25:10 | Pages activado: xaviergp2003-gif/restaurante-verde-luna-3
19:25:10 | Enlace: https://xaviergp2003-gif.github.io/restaurante-verde-luna-3/
19:25:10 | ✓ restaurante-verde-luna-3 → https://xaviergp2003-gif.github.io/restaurante-verde-luna-3/
19:25:13 | Publicados: 82 | Lista: /Users/xagri/Documents/GitHub/Automatizador_Global/enlaces_demos.txt
